2023-05-13 00:13:42,905 INFO org.springframework.boot.StartupInfoLogger [main] Starting TFGBackendApplication using Java 17.0.1 on DESKTOP-QGRB594 with PID 23796 (C:\Users\Josete\Desktop\TFG\tfg-backend\target\classes started by Josete in C:\Users\Josete\Desktop\TFG\tfg-backend)
2023-05-13 00:13:42,909 INFO org.springframework.boot.SpringApplication [main] No active profile set, falling back to default profiles: default
2023-05-13 00:13:43,274 INFO org.springframework.data.repository.config.RepositoryConfigurationDelegate [main] Bootstrapping Spring Data JPA repositories in DEFAULT mode.
2023-05-13 00:13:43,305 INFO org.springframework.data.repository.config.RepositoryConfigurationDelegate [main] Finished Spring Data repository scanning in 24 ms. Found 1 JPA repository interfaces.
2023-05-13 00:13:43,679 INFO org.springframework.boot.web.embedded.tomcat.TomcatWebServer [main] Tomcat initialized with port(s): 8080 (http)
2023-05-13 00:13:43,687 INFO org.apache.juli.logging.DirectJDKLog [main] Initializing ProtocolHandler ["http-nio-8080"]
2023-05-13 00:13:43,688 INFO org.apache.juli.logging.DirectJDKLog [main] Starting service [Tomcat]
2023-05-13 00:13:43,688 INFO org.apache.juli.logging.DirectJDKLog [main] Starting Servlet engine: [Apache Tomcat/9.0.56]
2023-05-13 00:13:43,765 INFO org.apache.juli.logging.DirectJDKLog [main] Initializing Spring embedded WebApplicationContext
2023-05-13 00:13:43,765 INFO org.springframework.boot.web.servlet.context.ServletWebServerApplicationContext [main] Root WebApplicationContext: initialization completed in 823 ms
2023-05-13 00:13:43,784 INFO com.zaxxer.hikari.HikariDataSource [main] HikariPool-1 - Starting...
2023-05-13 00:13:43,906 INFO com.zaxxer.hikari.HikariDataSource [main] HikariPool-1 - Start completed.
2023-05-13 00:13:43,913 INFO org.springframework.boot.autoconfigure.h2.H2ConsoleAutoConfiguration [main] H2 console available at '/h2-console'. Database available at 'jdbc:h2:file:./src/main/resources/db/tfgbackend.db'
2023-05-13 00:13:44,003 INFO org.hibernate.jpa.internal.util.LogHelper [main] HHH000204: Processing PersistenceUnitInfo [name: default]
2023-05-13 00:13:44,036 INFO org.hibernate.Version [main] HHH000412: Hibernate ORM core version 5.6.3.Final
2023-05-13 00:13:44,135 INFO org.hibernate.annotations.common.reflection.java.JavaReflectionManager [main] HCANN000001: Hibernate Commons Annotations {5.1.2.Final}
2023-05-13 00:13:44,204 INFO org.hibernate.dialect.Dialect [main] HHH000400: Using dialect: org.hibernate.dialect.H2Dialect
2023-05-13 00:13:44,564 INFO org.hibernate.engine.transaction.jta.platform.internal.JtaPlatformInitiator [main] HHH000490: Using JtaPlatform implementation: [org.hibernate.engine.transaction.jta.platform.internal.NoJtaPlatform]
2023-05-13 00:13:44,570 INFO org.springframework.orm.jpa.AbstractEntityManagerFactoryBean [main] Initialized JPA EntityManagerFactory for persistence unit 'default'
2023-05-13 00:13:44,725 WARN org.springframework.boot.autoconfigure.orm.jpa.JpaBaseConfiguration$JpaWebConfiguration [main] spring.jpa.open-in-view is enabled by default. Therefore, database queries may be performed during view rendering. Explicitly configure spring.jpa.open-in-view to disable this warning
2023-05-13 00:13:44,886 INFO org.apache.juli.logging.DirectJDKLog [main] Starting ProtocolHandler ["http-nio-8080"]
2023-05-13 00:13:44,915 INFO org.springframework.boot.web.embedded.tomcat.TomcatWebServer [main] Tomcat started on port(s): 8080 (http) with context path ''
2023-05-13 00:13:44,921 INFO org.springframework.boot.StartupInfoLogger [main] Started TFGBackendApplication in 2.236 seconds (JVM running for 2.536)
2023-05-13 00:13:53,808 INFO org.apache.juli.logging.DirectJDKLog [http-nio-8080-exec-1] Initializing Spring DispatcherServlet 'dispatcherServlet'
2023-05-13 00:13:53,809 INFO org.springframework.web.servlet.FrameworkServlet [http-nio-8080-exec-1] Initializing Servlet 'dispatcherServlet'
2023-05-13 00:13:53,809 INFO org.springframework.web.servlet.FrameworkServlet [http-nio-8080-exec-1] Completed initialization in 0 ms
2023-05-13 00:18:41,911 INFO org.springframework.boot.StartupInfoLogger [main] Starting TFGBackendApplication using Java 17.0.1 on DESKTOP-QGRB594 with PID 24704 (C:\Users\Josete\Desktop\TFG\tfg-backend\target\classes started by Josete in C:\Users\Josete\Desktop\TFG\tfg-backend)
2023-05-13 00:18:41,917 INFO org.springframework.boot.SpringApplication [main] No active profile set, falling back to default profiles: default
2023-05-13 00:18:42,286 INFO org.springframework.data.repository.config.RepositoryConfigurationDelegate [main] Bootstrapping Spring Data JPA repositories in DEFAULT mode.
2023-05-13 00:18:42,319 INFO org.springframework.data.repository.config.RepositoryConfigurationDelegate [main] Finished Spring Data repository scanning in 27 ms. Found 1 JPA repository interfaces.
2023-05-13 00:18:42,678 INFO org.springframework.boot.web.embedded.tomcat.TomcatWebServer [main] Tomcat initialized with port(s): 8080 (http)
2023-05-13 00:18:42,686 INFO org.apache.juli.logging.DirectJDKLog [main] Initializing ProtocolHandler ["http-nio-8080"]
2023-05-13 00:18:42,686 INFO org.apache.juli.logging.DirectJDKLog [main] Starting service [Tomcat]
2023-05-13 00:18:42,686 INFO org.apache.juli.logging.DirectJDKLog [main] Starting Servlet engine: [Apache Tomcat/9.0.56]
2023-05-13 00:18:42,761 INFO org.apache.juli.logging.DirectJDKLog [main] Initializing Spring embedded WebApplicationContext
2023-05-13 00:18:42,761 INFO org.springframework.boot.web.servlet.context.ServletWebServerApplicationContext [main] Root WebApplicationContext: initialization completed in 815 ms
2023-05-13 00:18:42,778 INFO com.zaxxer.hikari.HikariDataSource [main] HikariPool-1 - Starting...
2023-05-13 00:18:42,894 INFO com.zaxxer.hikari.HikariDataSource [main] HikariPool-1 - Start completed.
2023-05-13 00:18:42,902 INFO org.springframework.boot.autoconfigure.h2.H2ConsoleAutoConfiguration [main] H2 console available at '/h2-console'. Database available at 'jdbc:h2:file:./src/main/resources/db/tfgbackend.db'
2023-05-13 00:18:42,992 INFO org.hibernate.jpa.internal.util.LogHelper [main] HHH000204: Processing PersistenceUnitInfo [name: default]
2023-05-13 00:18:43,027 INFO org.hibernate.Version [main] HHH000412: Hibernate ORM core version 5.6.3.Final
2023-05-13 00:18:43,129 INFO org.hibernate.annotations.common.reflection.java.JavaReflectionManager [main] HCANN000001: Hibernate Commons Annotations {5.1.2.Final}
2023-05-13 00:18:43,199 INFO org.hibernate.dialect.Dialect [main] HHH000400: Using dialect: org.hibernate.dialect.H2Dialect
2023-05-13 00:18:43,586 INFO org.hibernate.engine.transaction.jta.platform.internal.JtaPlatformInitiator [main] HHH000490: Using JtaPlatform implementation: [org.hibernate.engine.transaction.jta.platform.internal.NoJtaPlatform]
2023-05-13 00:18:43,592 INFO org.springframework.orm.jpa.AbstractEntityManagerFactoryBean [main] Initialized JPA EntityManagerFactory for persistence unit 'default'
2023-05-13 00:18:43,746 WARN org.springframework.boot.autoconfigure.orm.jpa.JpaBaseConfiguration$JpaWebConfiguration [main] spring.jpa.open-in-view is enabled by default. Therefore, database queries may be performed during view rendering. Explicitly configure spring.jpa.open-in-view to disable this warning
2023-05-13 00:18:43,908 INFO org.apache.juli.logging.DirectJDKLog [main] Starting ProtocolHandler ["http-nio-8080"]
2023-05-13 00:18:43,937 INFO org.springframework.boot.web.embedded.tomcat.TomcatWebServer [main] Tomcat started on port(s): 8080 (http) with context path ''
2023-05-13 00:18:43,944 INFO org.springframework.boot.StartupInfoLogger [main] Started TFGBackendApplication in 2.269 seconds (JVM running for 2.583)
2023-05-13 00:19:00,197 INFO org.apache.juli.logging.DirectJDKLog [http-nio-8080-exec-1] Initializing Spring DispatcherServlet 'dispatcherServlet'
2023-05-13 00:19:00,197 INFO org.springframework.web.servlet.FrameworkServlet [http-nio-8080-exec-1] Initializing Servlet 'dispatcherServlet'
2023-05-13 00:19:00,198 INFO org.springframework.web.servlet.FrameworkServlet [http-nio-8080-exec-1] Completed initialization in 1 ms
2023-05-13 00:19:33,376 INFO org.springframework.boot.StartupInfoLogger [main] Starting TFGBackendApplication using Java 17.0.1 on DESKTOP-QGRB594 with PID 2816 (C:\Users\Josete\Desktop\TFG\tfg-backend\target\classes started by Josete in C:\Users\Josete\Desktop\TFG\tfg-backend)
2023-05-13 00:19:33,376 INFO org.springframework.boot.SpringApplication [main] No active profile set, falling back to default profiles: default
2023-05-13 00:19:33,791 INFO org.springframework.data.repository.config.RepositoryConfigurationDelegate [main] Bootstrapping Spring Data JPA repositories in DEFAULT mode.
2023-05-13 00:19:33,823 INFO org.springframework.data.repository.config.RepositoryConfigurationDelegate [main] Finished Spring Data repository scanning in 25 ms. Found 1 JPA repository interfaces.
2023-05-13 00:19:34,203 INFO org.springframework.boot.web.embedded.tomcat.TomcatWebServer [main] Tomcat initialized with port(s): 8080 (http)
2023-05-13 00:19:34,211 INFO org.apache.juli.logging.DirectJDKLog [main] Initializing ProtocolHandler ["http-nio-8080"]
2023-05-13 00:19:34,212 INFO org.apache.juli.logging.DirectJDKLog [main] Starting service [Tomcat]
2023-05-13 00:19:34,212 INFO org.apache.juli.logging.DirectJDKLog [main] Starting Servlet engine: [Apache Tomcat/9.0.56]
2023-05-13 00:19:34,286 INFO org.apache.juli.logging.DirectJDKLog [main] Initializing Spring embedded WebApplicationContext
2023-05-13 00:19:34,287 INFO org.springframework.boot.web.servlet.context.ServletWebServerApplicationContext [main] Root WebApplicationContext: initialization completed in 878 ms
2023-05-13 00:19:34,304 INFO com.zaxxer.hikari.HikariDataSource [main] HikariPool-1 - Starting...
2023-05-13 00:19:34,426 INFO com.zaxxer.hikari.HikariDataSource [main] HikariPool-1 - Start completed.
2023-05-13 00:19:34,433 INFO org.springframework.boot.autoconfigure.h2.H2ConsoleAutoConfiguration [main] H2 console available at '/h2-console'. Database available at 'jdbc:h2:file:./src/main/resources/db/tfgbackend.db'
2023-05-13 00:19:34,523 INFO org.hibernate.jpa.internal.util.LogHelper [main] HHH000204: Processing PersistenceUnitInfo [name: default]
2023-05-13 00:19:34,558 INFO org.hibernate.Version [main] HHH000412: Hibernate ORM core version 5.6.3.Final
2023-05-13 00:19:34,659 INFO org.hibernate.annotations.common.reflection.java.JavaReflectionManager [main] HCANN000001: Hibernate Commons Annotations {5.1.2.Final}
2023-05-13 00:19:34,729 INFO org.hibernate.dialect.Dialect [main] HHH000400: Using dialect: org.hibernate.dialect.H2Dialect
2023-05-13 00:19:35,103 INFO org.hibernate.engine.transaction.jta.platform.internal.JtaPlatformInitiator [main] HHH000490: Using JtaPlatform implementation: [org.hibernate.engine.transaction.jta.platform.internal.NoJtaPlatform]
2023-05-13 00:19:35,109 INFO org.springframework.orm.jpa.AbstractEntityManagerFactoryBean [main] Initialized JPA EntityManagerFactory for persistence unit 'default'
2023-05-13 00:19:35,265 WARN org.springframework.boot.autoconfigure.orm.jpa.JpaBaseConfiguration$JpaWebConfiguration [main] spring.jpa.open-in-view is enabled by default. Therefore, database queries may be performed during view rendering. Explicitly configure spring.jpa.open-in-view to disable this warning
2023-05-13 00:19:35,428 INFO org.apache.juli.logging.DirectJDKLog [main] Starting ProtocolHandler ["http-nio-8080"]
2023-05-13 00:19:35,458 INFO org.springframework.boot.web.embedded.tomcat.TomcatWebServer [main] Tomcat started on port(s): 8080 (http) with context path ''
2023-05-13 00:19:35,464 INFO org.springframework.boot.StartupInfoLogger [main] Started TFGBackendApplication in 2.331 seconds (JVM running for 2.657)
2023-05-13 00:19:44,674 INFO org.apache.juli.logging.DirectJDKLog [http-nio-8080-exec-1] Initializing Spring DispatcherServlet 'dispatcherServlet'
2023-05-13 00:19:44,674 INFO org.springframework.web.servlet.FrameworkServlet [http-nio-8080-exec-1] Initializing Servlet 'dispatcherServlet'
2023-05-13 00:19:44,674 INFO org.springframework.web.servlet.FrameworkServlet [http-nio-8080-exec-1] Completed initialization in 0 ms
2023-05-13 00:20:54,297 INFO org.springframework.boot.StartupInfoLogger [main] Starting TFGBackendApplication using Java 17.0.1 on DESKTOP-QGRB594 with PID 17668 (C:\Users\Josete\Desktop\TFG\tfg-backend\target\classes started by Josete in C:\Users\Josete\Desktop\TFG\tfg-backend)
2023-05-13 00:20:54,297 INFO org.springframework.boot.SpringApplication [main] No active profile set, falling back to default profiles: default
2023-05-13 00:20:54,669 INFO org.springframework.data.repository.config.RepositoryConfigurationDelegate [main] Bootstrapping Spring Data JPA repositories in DEFAULT mode.
2023-05-13 00:20:54,700 INFO org.springframework.data.repository.config.RepositoryConfigurationDelegate [main] Finished Spring Data repository scanning in 25 ms. Found 1 JPA repository interfaces.
2023-05-13 00:20:55,060 INFO org.springframework.boot.web.embedded.tomcat.TomcatWebServer [main] Tomcat initialized with port(s): 8080 (http)
2023-05-13 00:20:55,060 INFO org.apache.juli.logging.DirectJDKLog [main] Initializing ProtocolHandler ["http-nio-8080"]
2023-05-13 00:20:55,060 INFO org.apache.juli.logging.DirectJDKLog [main] Starting service [Tomcat]
2023-05-13 00:20:55,060 INFO org.apache.juli.logging.DirectJDKLog [main] Starting Servlet engine: [Apache Tomcat/9.0.56]
2023-05-13 00:20:55,132 INFO org.apache.juli.logging.DirectJDKLog [main] Initializing Spring embedded WebApplicationContext
2023-05-13 00:20:55,132 INFO org.springframework.boot.web.servlet.context.ServletWebServerApplicationContext [main] Root WebApplicationContext: initialization completed in 794 ms
2023-05-13 00:20:55,164 INFO com.zaxxer.hikari.HikariDataSource [main] HikariPool-1 - Starting...
2023-05-13 00:20:55,273 INFO com.zaxxer.hikari.HikariDataSource [main] HikariPool-1 - Start completed.
2023-05-13 00:20:55,273 INFO org.springframework.boot.autoconfigure.h2.H2ConsoleAutoConfiguration [main] H2 console available at '/h2-console'. Database available at 'jdbc:h2:file:./src/main/resources/db/tfgbackend.db'
2023-05-13 00:20:55,367 INFO org.hibernate.jpa.internal.util.LogHelper [main] HHH000204: Processing PersistenceUnitInfo [name: default]
2023-05-13 00:20:55,398 INFO org.hibernate.Version [main] HHH000412: Hibernate ORM core version 5.6.3.Final
2023-05-13 00:20:55,507 INFO org.hibernate.annotations.common.reflection.java.JavaReflectionManager [main] HCANN000001: Hibernate Commons Annotations {5.1.2.Final}
2023-05-13 00:20:55,585 INFO org.hibernate.dialect.Dialect [main] HHH000400: Using dialect: org.hibernate.dialect.H2Dialect
2023-05-13 00:20:55,961 INFO org.hibernate.engine.transaction.jta.platform.internal.JtaPlatformInitiator [main] HHH000490: Using JtaPlatform implementation: [org.hibernate.engine.transaction.jta.platform.internal.NoJtaPlatform]
2023-05-13 00:20:55,961 INFO org.springframework.orm.jpa.AbstractEntityManagerFactoryBean [main] Initialized JPA EntityManagerFactory for persistence unit 'default'
2023-05-13 00:20:56,133 WARN org.springframework.boot.autoconfigure.orm.jpa.JpaBaseConfiguration$JpaWebConfiguration [main] spring.jpa.open-in-view is enabled by default. Therefore, database queries may be performed during view rendering. Explicitly configure spring.jpa.open-in-view to disable this warning
2023-05-13 00:20:56,300 INFO org.apache.juli.logging.DirectJDKLog [main] Starting ProtocolHandler ["http-nio-8080"]
2023-05-13 00:20:56,331 INFO org.springframework.boot.web.embedded.tomcat.TomcatWebServer [main] Tomcat started on port(s): 8080 (http) with context path ''
2023-05-13 00:20:56,337 INFO org.springframework.boot.StartupInfoLogger [main] Started TFGBackendApplication in 2.269 seconds (JVM running for 2.599)
2023-05-13 00:21:09,798 INFO org.apache.juli.logging.DirectJDKLog [http-nio-8080-exec-1] Initializing Spring DispatcherServlet 'dispatcherServlet'
2023-05-13 00:21:09,799 INFO org.springframework.web.servlet.FrameworkServlet [http-nio-8080-exec-1] Initializing Servlet 'dispatcherServlet'
2023-05-13 00:21:09,800 INFO org.springframework.web.servlet.FrameworkServlet [http-nio-8080-exec-1] Completed initialization in 1 ms
