2023-05-10 16:43:46,240 INFO org.springframework.boot.StartupInfoLogger [main] Starting TFGBackendApplication using Java 17.0.1 on DESKTOP-QGRB594 with PID 24004 (C:\Users\Josete\Desktop\TFG\tfg-backend\target\classes started by Josete in C:\Users\Josete\Desktop\TFG\tfg-backend)
2023-05-10 16:43:46,242 INFO org.springframework.boot.SpringApplication [main] No active profile set, falling back to default profiles: default
2023-05-10 16:43:46,655 INFO org.springframework.data.repository.config.RepositoryConfigurationDelegate [main] Bootstrapping Spring Data JPA repositories in DEFAULT mode.
2023-05-10 16:43:46,689 INFO org.springframework.data.repository.config.RepositoryConfigurationDelegate [main] Finished Spring Data repository scanning in 28 ms. Found 1 JPA repository interfaces.
2023-05-10 16:43:47,085 INFO org.springframework.boot.web.embedded.tomcat.TomcatWebServer [main] Tomcat initialized with port(s): 8080 (http)
2023-05-10 16:43:47,095 INFO org.apache.juli.logging.DirectJDKLog [main] Initializing ProtocolHandler ["http-nio-8080"]
2023-05-10 16:43:47,095 INFO org.apache.juli.logging.DirectJDKLog [main] Starting service [Tomcat]
2023-05-10 16:43:47,095 INFO org.apache.juli.logging.DirectJDKLog [main] Starting Servlet engine: [Apache Tomcat/9.0.56]
2023-05-10 16:43:47,179 INFO org.apache.juli.logging.DirectJDKLog [main] Initializing Spring embedded WebApplicationContext
2023-05-10 16:43:47,180 INFO org.springframework.boot.web.servlet.context.ServletWebServerApplicationContext [main] Root WebApplicationContext: initialization completed in 903 ms
2023-05-10 16:43:47,200 INFO com.zaxxer.hikari.HikariDataSource [main] HikariPool-1 - Starting...
2023-05-10 16:43:47,338 INFO com.zaxxer.hikari.HikariDataSource [main] HikariPool-1 - Start completed.
2023-05-10 16:43:47,345 INFO org.springframework.boot.autoconfigure.h2.H2ConsoleAutoConfiguration [main] H2 console available at '/h2-console'. Database available at 'jdbc:h2:file:./src/main/resources/db/tfgbackend.db'
2023-05-10 16:43:47,446 INFO org.hibernate.jpa.internal.util.LogHelper [main] HHH000204: Processing PersistenceUnitInfo [name: default]
2023-05-10 16:43:47,491 INFO org.hibernate.Version [main] HHH000412: Hibernate ORM core version 5.6.3.Final
2023-05-10 16:43:47,616 INFO org.hibernate.annotations.common.reflection.java.JavaReflectionManager [main] HCANN000001: Hibernate Commons Annotations {5.1.2.Final}
2023-05-10 16:43:47,699 INFO org.hibernate.dialect.Dialect [main] HHH000400: Using dialect: org.hibernate.dialect.H2Dialect
2023-05-10 16:43:48,105 INFO org.hibernate.engine.transaction.jta.platform.internal.JtaPlatformInitiator [main] HHH000490: Using JtaPlatform implementation: [org.hibernate.engine.transaction.jta.platform.internal.NoJtaPlatform]
2023-05-10 16:43:48,111 INFO org.springframework.orm.jpa.AbstractEntityManagerFactoryBean [main] Initialized JPA EntityManagerFactory for persistence unit 'default'
2023-05-10 16:43:48,271 WARN org.springframework.boot.autoconfigure.orm.jpa.JpaBaseConfiguration$JpaWebConfiguration [main] spring.jpa.open-in-view is enabled by default. Therefore, database queries may be performed during view rendering. Explicitly configure spring.jpa.open-in-view to disable this warning
2023-05-10 16:43:48,452 INFO org.apache.juli.logging.DirectJDKLog [main] Starting ProtocolHandler ["http-nio-8080"]
2023-05-10 16:43:48,491 INFO org.springframework.boot.web.embedded.tomcat.TomcatWebServer [main] Tomcat started on port(s): 8080 (http) with context path ''
2023-05-10 16:43:48,497 INFO org.springframework.boot.StartupInfoLogger [main] Started TFGBackendApplication in 2.528 seconds (JVM running for 2.884)
2023-05-10 16:43:56,846 INFO org.apache.juli.logging.DirectJDKLog [http-nio-8080-exec-1] Initializing Spring DispatcherServlet 'dispatcherServlet'
2023-05-10 16:43:56,846 INFO org.springframework.web.servlet.FrameworkServlet [http-nio-8080-exec-1] Initializing Servlet 'dispatcherServlet'
2023-05-10 16:43:56,847 INFO org.springframework.web.servlet.FrameworkServlet [http-nio-8080-exec-1] Completed initialization in 1 ms
2023-05-10 16:44:00,238 WARN org.springframework.web.servlet.handler.AbstractHandlerExceptionResolver [http-nio-8080-exec-2] Resolved [org.springframework.web.HttpRequestMethodNotSupportedException: Request method 'GET' not supported]
2023-05-10 16:49:54,223 INFO org.springframework.boot.StartupInfoLogger [main] Starting TFGBackendApplication using Java 17.0.1 on DESKTOP-QGRB594 with PID 25172 (C:\Users\Josete\Desktop\TFG\tfg-backend\target\classes started by Josete in C:\Users\Josete\Desktop\TFG\tfg-backend)
2023-05-10 16:49:54,226 INFO org.springframework.boot.SpringApplication [main] No active profile set, falling back to default profiles: default
2023-05-10 16:49:54,618 INFO org.springframework.data.repository.config.RepositoryConfigurationDelegate [main] Bootstrapping Spring Data JPA repositories in DEFAULT mode.
2023-05-10 16:49:54,651 INFO org.springframework.data.repository.config.RepositoryConfigurationDelegate [main] Finished Spring Data repository scanning in 27 ms. Found 1 JPA repository interfaces.
2023-05-10 16:49:55,012 INFO org.springframework.boot.web.embedded.tomcat.TomcatWebServer [main] Tomcat initialized with port(s): 8080 (http)
2023-05-10 16:49:55,020 INFO org.apache.juli.logging.DirectJDKLog [main] Initializing ProtocolHandler ["http-nio-8080"]
2023-05-10 16:49:55,020 INFO org.apache.juli.logging.DirectJDKLog [main] Starting service [Tomcat]
2023-05-10 16:49:55,021 INFO org.apache.juli.logging.DirectJDKLog [main] Starting Servlet engine: [Apache Tomcat/9.0.56]
2023-05-10 16:49:55,095 INFO org.apache.juli.logging.DirectJDKLog [main] Initializing Spring embedded WebApplicationContext
2023-05-10 16:49:55,095 INFO org.springframework.boot.web.servlet.context.ServletWebServerApplicationContext [main] Root WebApplicationContext: initialization completed in 840 ms
2023-05-10 16:49:55,113 INFO com.zaxxer.hikari.HikariDataSource [main] HikariPool-1 - Starting...
2023-05-10 16:49:55,236 INFO com.zaxxer.hikari.HikariDataSource [main] HikariPool-1 - Start completed.
2023-05-10 16:49:55,243 INFO org.springframework.boot.autoconfigure.h2.H2ConsoleAutoConfiguration [main] H2 console available at '/h2-console'. Database available at 'jdbc:h2:file:./src/main/resources/db/tfgbackend.db'
2023-05-10 16:49:55,334 INFO org.hibernate.jpa.internal.util.LogHelper [main] HHH000204: Processing PersistenceUnitInfo [name: default]
2023-05-10 16:49:55,375 INFO org.hibernate.Version [main] HHH000412: Hibernate ORM core version 5.6.3.Final
2023-05-10 16:49:55,478 INFO org.hibernate.annotations.common.reflection.java.JavaReflectionManager [main] HCANN000001: Hibernate Commons Annotations {5.1.2.Final}
2023-05-10 16:49:55,548 INFO org.hibernate.dialect.Dialect [main] HHH000400: Using dialect: org.hibernate.dialect.H2Dialect
2023-05-10 16:49:55,912 INFO org.hibernate.engine.transaction.jta.platform.internal.JtaPlatformInitiator [main] HHH000490: Using JtaPlatform implementation: [org.hibernate.engine.transaction.jta.platform.internal.NoJtaPlatform]
2023-05-10 16:49:55,918 INFO org.springframework.orm.jpa.AbstractEntityManagerFactoryBean [main] Initialized JPA EntityManagerFactory for persistence unit 'default'
2023-05-10 16:49:56,072 WARN org.springframework.boot.autoconfigure.orm.jpa.JpaBaseConfiguration$JpaWebConfiguration [main] spring.jpa.open-in-view is enabled by default. Therefore, database queries may be performed during view rendering. Explicitly configure spring.jpa.open-in-view to disable this warning
2023-05-10 16:49:56,233 INFO org.apache.juli.logging.DirectJDKLog [main] Starting ProtocolHandler ["http-nio-8080"]
2023-05-10 16:49:56,262 INFO org.springframework.boot.web.embedded.tomcat.TomcatWebServer [main] Tomcat started on port(s): 8080 (http) with context path ''
2023-05-10 16:49:56,268 INFO org.springframework.boot.StartupInfoLogger [main] Started TFGBackendApplication in 2.291 seconds (JVM running for 2.608)
2023-05-10 16:50:15,245 INFO org.apache.juli.logging.DirectJDKLog [http-nio-8080-exec-1] Initializing Spring DispatcherServlet 'dispatcherServlet'
2023-05-10 16:50:15,245 INFO org.springframework.web.servlet.FrameworkServlet [http-nio-8080-exec-1] Initializing Servlet 'dispatcherServlet'
2023-05-10 16:50:15,246 INFO org.springframework.web.servlet.FrameworkServlet [http-nio-8080-exec-1] Completed initialization in 1 ms
